Temp/gradleOut/GoogleMobileAdsPlugin/build/outputs/logs/manifest-merger-release-report.txt
-- Merging decision tree log ---
manifest
ADDED from gradleOut/GoogleMobileAdsPlugin/AndroidManifest.xml:2:1-9:12
INJECTED from gradleOut/GoogleMobileAdsPlugin/AndroidManifest.xml:2:1-9:12
INJECTED from gradleOut/GoogleMobileAdsPlugin/AndroidManifest.xml:2:1-9:12
INJECTED from gradleOut/GoogleMobileAdsPlugin/AndroidManifest.xml:2:1-9:12
INJECTED from gradleOut/GoogleMobileAdsPlugin/AndroidManifest.xml:2:1-9:12
INJECTED from gradleOut/GoogleMobileAdsPlugin/AndroidManifest.xml:2:1-9:12
INJECTED from gradleOut/GoogleMobileAdsPlugin/AndroidManifest.xml:2:1-9:12
	package
		ADDED from gradleOut/GoogleMobileAdsPlugin/AndroidManifest.xml:2:70-100
		INJECTED from gradleOut/GoogleMobileAdsPlugin/AndroidManifest.xml
		INJECTED from gradleOut/GoogleMobileAdsPlugin/AndroidManifest.xml
	android:versionName
		ADDED from gradleOut/GoogleMobileAdsPlugin/AndroidManifest.xml:2:101-126
		INJECTED from gradleOut/GoogleMobileAdsPlugin/AndroidManifest.xml
		INJECTED from gradleOut/GoogleMobileAdsPlugin/AndroidManifest.xml
	xmlns:android
		ADDED from gradleOut/GoogleMobileAdsPlugin/AndroidManifest.xml:2:11-69
	android:versionCode
		ADDED from gradleOut/GoogleMobileAdsPlugin/AndroidManifest.xml:2:127-150
		INJECTED from gradleOut/GoogleMobileAdsPlugin/AndroidManifest.xml
		INJECTED from gradleOut/GoogleMobileAdsPlugin/AndroidManifest.xml
uses-sdk
ADDED from gradleOut/GoogleMobileAdsPlugin/AndroidManifest.xml:3:3-72
INJECTED from gradleOut/GoogleMobileAdsPlugin/AndroidManifest.xml:3:3-72
INJECTED from gradleOut/GoogleMobileAdsPlugin/AndroidManifest.xml:3:3-72
	android:targetSdkVersion
		ADDED from gradleOut/GoogleMobileAdsPlugin/AndroidManifest.xml:3:40-69
		INJECTED from gradleOut/GoogleMobileAdsPlugin/AndroidManifest.xml
		INJECTED from gradleOut/GoogleMobileAdsPlugin/AndroidManifest.xml
	android:minSdkVersion
		ADDED from gradleOut/GoogleMobileAdsPlugin/AndroidManifest.xml:3:13-39
application
ADDED from gradleOut/GoogleMobileAdsPlugin/AndroidManifest.xml:4:3-8:17
uses-library#org.apache.http.legacy
ADDED from gradleOut/GoogleMobileAdsPlugin/AndroidManifest.xml:5:5-84
	android:required
		ADDED from gradleOut/GoogleMobileAdsPlugin/AndroidManifest.xml:5:19-43
	android:name
		ADDED from gradleOut/GoogleMobileAdsPlugin/AndroidManifest.xml:5:44-81
meta-data#com.google.android.gms.ads.APPLICATION_ID
ADDED from gradleOut/GoogleMobileAdsPlugin/AndroidManifest.xml:7:5-130
	android:value
		ADDED from gradleOut/GoogleMobileAdsPlugin/AndroidManifest.xml:7:73-127
	android:name
		ADDED from gradleOut/GoogleMobileAdsPlugin/AndroidManifest.xml:7:16-72